++ /bin/date
+ echo '*** BEGIN LOGIN SERVER BOOTSTRAP - Mon Apr 24 07:18:03 UTC 2023 ***'
*** BEGIN LOGIN SERVER BOOTSTRAP - Mon Apr 24 07:18:03 UTC 2023 ***
+ export LSF_INSTALL_DIR=/efs/tools/ibm/lsf/LSFCluster
+ LSF_INSTALL_DIR=/efs/tools/ibm/lsf/LSFCluster
+ pip3 -q install awscli
/var/lib/cloud/instance/scripts/part-001: line 11: pip3: command not found
++ /usr/local/bin/aws secretsmanager get-secret-value --region cn-northwest-1 --secret-id arn:aws-cn:secretsmanager:cn-northwest-1:871772259371:secret:EDA-SingleCluster-dcv-3/DCVCredentialsSecret-jheKH9 --output text --query SecretString
/var/lib/cloud/instance/scripts/part-001: line 18: /usr/local/bin/aws: No such file or directory
++ python -c 'import json, sys; print(json.load(sys.stdin)["password"])'
/var/lib/cloud/instance/scripts/part-001: line 18: python: command not found
+ export SM_PASSWORD=
+ SM_PASSWORD=
+ user_name=simuser
+ user_pass=
+ my_wait_handle='https://cloudformation-waitcondition-cn-northwest-1.s3.cn-northwest-1.amazonaws.com.cn/arn%3Aaws-cn%3Acloudformation%3Acn-northwest-1%3A871772259371%3Astack/EDA-SingleCluster-dcv-3/c57bde30-e26f-11ed-8e35-06e26de87ece/InstanceWaitHandle?X-Amz-Algorithm=AWS4-HMAC-SHA256&X-Amz-Date=20230424T071523Z&X-Amz-SignedHeaders=host&X-Amz-Expires=86399&X-Amz-Credential=AKIA3KWFLHR5662KUPR7%2F20230424%2Fcn-northwest-1%2Fs3%2Faws4_request&X-Amz-Signature=a4abed55b6b0363b93e3a83b8f34263e70bf5ead46c9899f746f2ef91de13a32'
+ yum install -q -y https://s3.amazonaws.com/ec2-downloads-windows/SSMAgent/latest/linux_amd64/amazon-ssm-agent.rpm

Upgraded:
  amazon-ssm-agent-3.2.815.0-1.x86_64                                           

+ systemctl enable amazon-ssm-agent
+ systemctl start amazon-ssm-agent
+ mkdir /efs
+ mount -t nfs4 -o nfsvers=4.1,rsize=1048576,wsize=1048576,hard,timeo=600,retrans=2,noresvport fs-04ffafba4db988c1b.efs.cn-northwest-1.amazonaws.com.cn:/ /efs
+ echo 'fs-04ffafba4db988c1b.efs.cn-northwest-1.amazonaws.com.cn:/ /efs nfs4 nfsvers=4.1,rsize=1048576,wsize=1048576,hard,timeo=600,retrans=2,noresvport,_netdev 0 0'
+ mkdir /efs/scratch /efs/proj
mkdir: cannot create directory ‘/efs/scratch’: File exists
mkdir: cannot create directory ‘/efs/proj’: File exists
+ echo 'source /efs/tools/ibm/lsf/LSFCluster/conf/profile.lsf'
+ echo 'Installing DCV...'
Installing DCV...
+ main
+ install_prereqs
+ sed -i -e 's/^#exclude.*/exclude=mirror.es.its.nyu.edu/' /etc/yum/pluginconf.d/fastestmirror.conf
sed: can't read /etc/yum/pluginconf.d/fastestmirror.conf: No such file or directory
+ sudo yum clean all
Waiting for process with pid 2238 to finish.
Waiting for process with pid 2238 to finish.
15 files removed
+ sudo yum -y upgrade
Amazon Linux 2023 repository                     43 MB/s |  13 MB     00:00    
Amazon Linux 2023 Kernel Livepatch repository   866 kB/s | 155 kB     00:00    
Last metadata expiration check: 0:00:01 ago on Mon Apr 24 07:18:45 2023.
Dependencies resolved.
Nothing to do.
Complete!
+ sudo yum -y groupinstall 'GNOME Desktop'
Last metadata expiration check: 0:00:01 ago on Mon Apr 24 07:18:45 2023.
Module or Group 'GNOME Desktop' is not available.
Error: Nothing to do.
+ install_dcv
+ mkdir /tmp/dcv-inst.d
+ pushd /tmp/dcv-inst.d
/tmp/dcv-inst.d /
+ rpm --import https://d1uj6qtbmh3dt5.cloudfront.net/NICE-GPG-KEY
+ wget https://d1uj6qtbmh3dt5.cloudfront.net/2022.1/Servers/nice-dcv-2022.1-13300-el7-x86_64.tgz
--2023-04-24 07:18:47--  https://d1uj6qtbmh3dt5.cloudfront.net/2022.1/Servers/nice-dcv-2022.1-13300-el7-x86_64.tgz
Resolving d1uj6qtbmh3dt5.cloudfront.net (d1uj6qtbmh3dt5.cloudfront.net)... 13.225.178.209, 13.225.178.53, 13.225.178.45, ...
Connecting to d1uj6qtbmh3dt5.cloudfront.net (d1uj6qtbmh3dt5.cloudfront.net)|13.225.178.209|:443... connected.
HTTP request sent, awaiting response... 200 OK
Length: 18147234 (17M) [binary/octet-stream]
Saving to: ‘nice-dcv-2022.1-13300-el7-x86_64.tgz’

     0K .......... .......... .......... .......... ..........  0%  687K 26s
    50K .......... .......... .......... .......... ..........  0%  885K 23s
   100K .......... .......... .......... .......... ..........  0%  867K 22s
   150K .......... .......... .......... .......... ..........  1% 2.53M 18s
   200K .......... .......... .......... .......... ..........  1% 2.39M 16s
   250K .......... .......... .......... .......... ..........  1% 2.39M 14s
   300K .......... .......... .......... .......... ..........  1% 2.67M 13s
   350K .......... .......... .......... .......... ..........  2% 2.75M 12s
   400K .......... .......... .......... .......... ..........  2% 4.18M 11s
   450K .......... .......... .......... .......... ..........  2% 4.80M 11s
   500K .......... .......... .......... .......... ..........  3% 5.19M 10s
   550K .......... .......... .......... .......... ..........  3% 7.49M 9s
   600K .......... .......... .......... .......... ..........  3% 6.94M 9s
   650K .......... .......... .......... .......... ..........  3% 7.98M 8s
   700K .......... .......... .......... .......... ..........  4% 6.81M 8s
   750K .......... .......... .......... .......... ..........  4% 6.34M 7s
   800K .......... .......... .......... .......... ..........  4% 9.17M 7s
   850K .......... .......... .......... .......... ..........  5% 8.64M 7s
   900K .......... .......... .......... .......... ..........  5% 9.40M 6s
   950K .......... .......... .......... .......... ..........  5% 10.2M 6s
  1000K .......... .......... .......... .......... ..........  5% 8.47M 6s
  1050K .......... .......... .......... .......... ..........  6% 12.0M 6s
  1100K .......... .......... .......... .......... ..........  6% 10.5M 6s
  1150K .......... .......... .......... .......... ..........  6% 13.4M 5s
  1200K .......... .......... .......... .......... ..........  7% 14.8M 5s
  1250K .......... .......... .......... .......... ..........  7% 12.8M 5s
  1300K .......... .......... .......... .......... ..........  7% 15.2M 5s
  1350K .......... .......... .......... .......... ..........  7% 14.8M 5s
  1400K .......... .......... .......... .......... ..........  8% 12.1M 5s
  1450K .......... .......... .......... .......... ..........  8% 17.1M 4s
  1500K .......... .......... .......... .......... ..........  8% 17.6M 4s
  1550K .......... .......... .......... .......... ..........  9% 17.5M 4s
  1600K .......... .......... .......... .......... ..........  9% 19.0M 4s
  1650K .......... .......... .......... .......... ..........  9% 17.9M 4s
  1700K .......... .......... .......... .......... ..........  9% 19.2M 4s
  1750K .......... .......... .......... .......... .......... 10% 21.4M 4s
  1800K .......... .......... .......... .......... .......... 10% 15.4M 4s
  1850K .......... .......... .......... .......... .......... 10% 25.5M 4s
  1900K .......... .......... .......... .......... .......... 11% 17.9M 3s
  1950K .......... .......... .......... .......... .......... 11% 20.5M 3s
  2000K .......... .......... .......... .......... .......... 11% 25.6M 3s
  2050K .......... .......... .......... .......... .......... 11% 17.4M 3s
  2100K .......... .......... .......... .......... .......... 12% 26.8M 3s
  2150K .......... .......... .......... .......... .......... 12% 28.0M 3s
  2200K .......... .......... .......... .......... .......... 12% 20.5M 3s
  2250K .......... .......... .......... .......... .......... 12% 25.7M 3s
  2300K .......... .......... .......... .......... .......... 13% 30.9M 3s
  2350K .......... .......... .......... .......... .......... 13% 22.6M 3s
  2400K .......... .......... .......... .......... .......... 13% 25.5M 3s
  2450K .......... .......... .......... .......... .......... 14% 21.0M 3s
  2500K .......... .......... .......... .......... .......... 14% 31.2M 3s
  2550K .......... .......... .......... .......... .......... 14% 36.6M 3s
  2600K .......... .......... .......... .......... .......... 14% 23.4M 3s
  2650K .......... .......... .......... .......... .......... 15% 42.4M 3s
  2700K .......... .......... .......... .......... .......... 15% 22.9M 3s
  2750K .......... .......... .......... .......... .......... 15% 24.8M 2s
  2800K .......... .......... .......... .......... .......... 16% 38.2M 2s
  2850K .......... .......... .......... .......... .......... 16% 25.8M 2s
  2900K .......... .......... .......... .......... .......... 16% 47.0M 2s
  2950K .......... .......... .......... .......... .......... 16% 24.6M 2s
  3000K .......... .......... .......... .......... .......... 17% 27.9M 2s
  3050K .......... .......... .......... .......... .......... 17% 45.0M 2s
  3100K .......... .......... .......... .......... .......... 17% 29.1M 2s
  3150K .......... .......... .......... .......... .......... 18% 44.4M 2s
  3200K .......... .......... .......... .......... .......... 18% 28.3M 2s
  3250K .......... .......... .......... .......... .......... 18% 55.8M 2s
  3300K .......... .......... .......... .......... .......... 18% 27.9M 2s
  3350K .......... .......... .......... .......... .......... 19% 29.7M 2s
  3400K .......... .......... .......... .......... .......... 19% 49.9M 2s
  3450K .......... .......... .......... .......... .......... 19% 30.2M 2s
  3500K .......... .......... .......... .......... .......... 20% 65.5M 2s
  3550K .......... .......... .......... .......... .......... 20% 32.1M 2s
  3600K .......... .......... .......... .......... .......... 20% 32.8M 2s
  3650K .......... .......... .......... .......... .......... 20% 49.0M 2s
  3700K .......... .......... .......... .......... .......... 21% 32.8M 2s
  3750K .......... .......... .......... .......... .......... 21% 72.1M 2s
  3800K .......... .......... .......... .......... .......... 21% 35.0M 2s
  3850K .......... .......... .......... .......... .......... 22% 35.5M 2s
  3900K .......... .......... .......... .......... .......... 22% 48.6M 2s
  3950K .......... .......... .......... .......... .......... 22% 35.2M 2s
  4000K .......... .......... .......... .......... .......... 22% 88.1M 2s
  4050K .......... .......... .......... .......... .......... 23% 36.3M 2s
  4100K .......... .......... .......... .......... .......... 23% 38.1M 2s
  4150K .......... .......... .......... .......... .......... 23% 47.4M 2s
  4200K .......... .......... .......... .......... .......... 23%  101M 2s
  4250K .......... .......... .......... .......... .......... 24% 38.7M 2s
  4300K .......... .......... .......... .......... .......... 24% 41.1M 2s
  4350K .......... .......... .......... .......... .......... 24% 40.2M 2s
  4400K .......... .......... .......... .......... .......... 25% 49.0M 2s
  4450K .......... .......... .......... .......... .......... 25%  109M 1s
  4500K .......... .......... .......... .......... .......... 25% 42.8M 1s
  4550K .......... .......... .......... .......... .......... 25% 42.7M 1s
  4600K .......... .......... .......... .......... .......... 26% 41.9M 1s
  4650K .......... .......... .......... .......... .......... 26% 51.4M 1s
  4700K .......... .......... .......... .......... .......... 26%  143M 1s
  4750K .......... .......... .......... .......... .......... 27% 43.5M 1s
  4800K .......... .......... .......... .......... .......... 27% 45.3M 1s
  4850K .......... .......... .......... .......... .......... 27% 49.5M 1s
  4900K .......... .......... .......... .......... .......... 27%  174M 1s
  4950K .......... .......... .......... .......... .......... 28% 44.9M 1s
  5000K .......... .......... .......... .......... .......... 28% 43.9M 1s
  5050K .......... .......... .......... .......... .......... 28% 49.4M 1s
  5100K .......... .......... .......... .......... .......... 29% 48.8M 1s
  5150K .......... .......... .......... .......... .......... 29%  269M 1s
  5200K .......... .......... .......... .......... .......... 29% 48.8M 1s
  5250K .......... .......... .......... .......... .......... 29% 45.4M 1s
  5300K .......... .......... .......... .......... .......... 30% 47.5M 1s
  5350K .......... .......... .......... .......... .......... 30% 50.7M 1s
  5400K .......... .......... .......... .......... .......... 30%  255M 1s
  5450K .......... .......... .......... .......... .......... 31% 53.4M 1s
  5500K .......... .......... .......... .......... .......... 31% 53.9M 1s
  5550K .......... .......... .......... .......... .......... 31% 49.2M 1s
  5600K .......... .......... .......... .......... .......... 31% 43.0M 1s
  5650K .......... .......... .......... .......... .......... 32%  291M 1s
  5700K .......... .......... .......... .......... .......... 32% 61.3M 1s
  5750K .......... .......... .......... .......... .......... 32% 47.1M 1s
  5800K .......... .......... .......... .......... .......... 33% 53.8M 1s
  5850K .......... .......... .......... .......... .......... 33% 53.2M 1s
  5900K .......... .......... .......... .......... .......... 33%  231M 1s
  5950K .......... .......... .......... .......... .......... 33% 55.1M 1s
  6000K .......... .......... .......... .......... .......... 34% 55.8M 1s
  6050K .......... .......... .......... .......... .......... 34% 28.4M 1s
  6100K .......... .......... .......... .......... .......... 34%  240M 1s
  6150K .......... .......... .......... .......... .......... 34% 27.8M 1s
  6200K .......... .......... .......... .......... .......... 35% 27.3M 1s
  6250K .......... .......... .......... .......... .......... 35% 28.3M 1s
  6300K .......... .......... .......... .......... .......... 35% 28.3M 1s
  6350K .......... .......... .......... .......... .......... 36%  134M 1s
  6400K .......... .......... .......... .......... .......... 36% 33.9M 1s
  6450K .......... .......... .......... .......... .......... 36% 26.6M 1s
  6500K .......... .......... .......... .......... .......... 36% 35.8M 1s
  6550K .......... .......... .......... .......... .......... 37% 32.8M 1s
  6600K .......... .......... .......... .......... .......... 37% 31.0M 1s
  6650K .......... .......... .......... .......... .......... 37%  291M 1s
  6700K .......... .......... .......... .......... .......... 38% 32.3M 1s
  6750K .......... .......... .......... .......... .......... 38% 32.4M 1s
  6800K .......... .......... .......... .......... .......... 38% 36.9M 1s
  6850K .......... .......... .......... .......... .......... 38%  296M 1s
  6900K .......... .......... .......... .......... .......... 39% 33.7M 1s
  6950K .......... .......... .......... .......... .......... 39% 35.8M 1s
  7000K .......... .......... .......... .......... .......... 39% 36.9M 1s
  7050K .......... .......... .......... .......... .......... 40% 36.1M 1s
  7100K .......... .......... .......... .......... .......... 40%  279M 1s
  7150K .......... .......... .......... .......... .......... 40% 35.8M 1s
  7200K .......... .......... .......... .......... .......... 40% 38.6M 1s
  7250K .......... .......... .......... .......... .......... 41% 37.2M 1s
  7300K .......... .......... .......... .......... .......... 41% 40.5M 1s
  7350K .......... .......... .......... .......... .......... 41%  288M 1s
  7400K .......... .......... .......... .......... .......... 42% 39.9M 1s
  7450K .......... .......... .......... .......... .......... 42% 39.9M 1s
  7500K .......... .......... .......... .......... .......... 42% 43.9M 1s
  7550K .......... .......... .......... .......... .......... 42% 40.7M 1s
  7600K .......... .......... .......... .......... .......... 43%  279M 1s
  7650K .......... .......... .......... .......... .......... 43% 42.7M 1s
  7700K .......... .......... .......... .......... .......... 43% 43.2M 1s
  7750K .......... .......... .......... .......... .......... 44% 42.2M 1s
  7800K .......... .......... .......... .......... .......... 44%  284M 1s
  7850K .......... .......... .......... .......... .......... 44% 24.1M 1s
  7900K .......... .......... .......... .......... .......... 44%  300M 1s
  7950K .......... .......... .......... .......... .......... 45% 47.5M 1s
  8000K .......... .......... .......... .......... .......... 45% 42.9M 1s
  8050K .......... .......... .......... .......... .......... 45% 53.5M 1s
  8100K .......... .......... .......... .......... .......... 45%  256M 1s
  8150K .......... .......... .......... .......... .......... 46% 42.3M 1s
  8200K .......... .......... .......... .......... .......... 46% 53.9M 1s
  8250K .......... .......... .......... .......... .......... 46% 46.1M 1s
  8300K .......... .......... .......... .......... .......... 47% 46.7M 1s
  8350K .......... .......... .......... .......... .......... 47%  302M 1s
  8400K .......... .......... .......... .......... .......... 47% 48.8M 1s
  8450K .......... .......... .......... .......... .......... 47% 53.9M 1s
  8500K .......... .......... .......... .......... .......... 48% 54.6M 1s
  8550K .......... .......... .......... .......... .......... 48% 47.8M 1s
  8600K .......... .......... .......... .......... .......... 48%  261M 1s
  8650K .......... .......... .......... .......... .......... 49% 43.2M 1s
  8700K .......... .......... .......... .......... .......... 49% 65.0M 1s
  8750K .......... .......... .......... .......... .......... 49% 47.8M 1s
  8800K .......... .......... .......... .......... .......... 49% 49.3M 1s
  8850K .......... .......... .......... .......... .......... 50%  310M 1s
  8900K .......... .......... .......... .......... .......... 50% 52.7M 1s
  8950K .......... .......... .......... .......... .......... 50% 54.1M 1s
  9000K .......... .......... .......... .......... .......... 51% 50.4M 1s
  9050K .......... .......... .......... .......... .......... 51% 29.6M 1s
  9100K .......... .......... .......... .......... .......... 51%  273M 1s
  9150K .......... .......... .......... .......... .......... 51% 27.9M 1s
  9200K .......... .......... .......... .......... .......... 52% 28.2M 1s
  9250K .......... .......... .......... .......... .......... 52% 28.0M 1s
  9300K .......... .......... .......... .......... .......... 52%  295M 1s
  9350K .......... .......... .......... .......... .......... 53% 26.7M 1s
  9400K .......... .......... .......... .......... .......... 53% 32.0M 1s
  9450K .......... .......... .......... .......... .......... 53% 25.7M 1s
  9500K .......... .......... .......... .......... .......... 53% 36.9M 1s
  9550K .......... .......... .......... .......... .......... 54% 33.8M 1s
  9600K .......... .......... .......... .......... .......... 54%  181M 1s
  9650K .......... .......... .......... .......... .......... 54% 31.5M 1s
  9700K .......... .......... .......... .......... .......... 55% 31.2M 1s
  9750K .......... .......... .......... .......... .......... 55% 33.0M 0s
  9800K .......... .......... .......... .......... .......... 55% 35.8M 0s
  9850K .......... .......... .......... .......... .......... 55%  299M 0s
  9900K .......... .......... .......... .......... .......... 56% 31.0M 0s
  9950K .......... .......... .......... .......... .......... 56% 36.9M 0s
 10000K .......... .......... .......... .......... .......... 56% 39.2M 0s
 10050K .......... .......... .......... .......... .......... 56%  303M 0s
 10100K .......... .......... .......... .......... .......... 57% 37.4M 0s
 10150K .......... .......... .......... .......... .......... 57% 35.7M 0s
 10200K .......... .......... .......... .......... .......... 57% 38.8M 0s
 10250K .......... .......... .......... .......... .......... 58% 36.9M 0s
 10300K .......... .......... .......... .......... .......... 58% 43.4M 0s
 10350K .......... .......... .......... .......... .......... 58%  183M 0s
 10400K .......... .......... .......... .......... .......... 58% 40.4M 0s
 10450K .......... .......... .......... .......... .......... 59% 38.9M 0s
 10500K .......... .......... .......... .......... .......... 59% 38.4M 0s
 10550K .......... .......... .......... .......... .......... 59% 51.5M 0s
 10600K .......... .......... .......... .......... .......... 60%  203M 0s
 10650K .......... .......... .......... .......... .......... 60% 40.2M 0s
 10700K .......... .......... .......... .......... .......... 60% 18.4M 0s
 10750K .......... .......... .......... .......... .......... 60%  226M 0s
 10800K .......... .......... .......... .......... .......... 61%  263M 0s
 10850K .......... .......... .......... .......... .......... 61%  121M 0s
 10900K .......... .......... .......... .......... .......... 61% 40.1M 0s
 10950K .......... .......... .......... .......... .......... 62% 48.3M 0s
 11000K .......... .......... .......... .......... .......... 62% 44.9M 0s
 11050K .......... .......... .......... .......... .......... 62%  310M 0s
 11100K .......... .......... .......... .......... .......... 62% 52.3M 0s
 11150K .......... .......... .......... .......... .......... 63% 40.9M 0s
 11200K .......... .......... .......... .......... .......... 63% 45.5M 0s
 11250K .......... .......... .......... .......... .......... 63% 58.9M 0s
 11300K .......... .......... .......... .......... .......... 64%  132M 0s
 11350K .......... .......... .......... .......... .......... 64% 48.7M 0s
 11400K .......... .......... .......... .......... .......... 64% 45.3M 0s
 11450K .......... .......... .......... .......... .......... 64% 55.7M 0s
 11500K .......... .......... .......... .......... .......... 65% 53.2M 0s
 11550K .......... .......... .......... .......... .......... 65%  289M 0s
 11600K .......... .......... .......... .......... .......... 65% 50.5M 0s
 11650K .......... .......... .......... .......... .......... 66% 40.7M 0s
 11700K .......... .......... .......... .......... .......... 66% 60.3M 0s
 11750K .......... .......... .......... .......... .......... 66% 78.8M 0s
 11800K .......... .......... .......... .......... .......... 66% 46.8M 0s
 11850K .......... .......... .......... .......... .......... 67%  137M 0s
 11900K .......... .......... .......... .......... .......... 67% 52.3M 0s
 11950K .......... .......... .......... .......... .......... 67% 52.2M 0s
 12000K .......... .......... .......... .......... .......... 67% 72.3M 0s
 12050K .......... .......... .......... .......... .......... 68%  130M 0s
 12100K .......... .......... .......... .......... .......... 68% 29.8M 0s
 12150K .......... .......... .......... .......... .......... 68% 27.6M 0s
 12200K .......... .......... .......... .......... .......... 69% 27.9M 0s
 12250K .......... .......... .......... .......... .......... 69% 27.8M 0s
 12300K .......... .......... .......... .......... .......... 69%  273M 0s
 12350K .......... .......... .......... .......... .......... 69% 27.5M 0s
 12400K .......... .......... .......... .......... .......... 70% 31.8M 0s
 12450K .......... .......... .......... .......... .......... 70% 25.8M 0s
 12500K .......... .......... .......... .......... .......... 70% 40.4M 0s
 12550K .......... .......... .......... .......... .......... 71%  139M 0s
 12600K .......... .......... .......... .......... .......... 71% 34.3M 0s
 12650K .......... .......... .......... .......... .......... 71% 32.7M 0s
 12700K .......... .......... .......... .......... .......... 71% 30.3M 0s
 12750K .......... .......... .......... .......... .......... 72% 31.9M 0s
 12800K .......... .......... .......... .......... .......... 72%  294M 0s
 12850K .......... .......... .......... .......... .......... 72% 38.0M 0s
 12900K .......... .......... .......... .......... .......... 73% 30.0M 0s
 12950K .......... .......... .......... .......... .......... 73% 38.8M 0s
 13000K .......... .......... .......... .......... .......... 73% 37.5M 0s
 13050K .......... .......... .......... .......... .......... 73%  272M 0s
 13100K .......... .......... .......... .......... .......... 74% 38.2M 0s
 13150K .......... .......... .......... .......... .......... 74% 35.5M 0s
 13200K .......... .......... .......... .......... .......... 74% 38.7M 0s
 13250K .......... .......... .......... .......... .......... 75%  294M 0s
 13300K .......... .......... .......... .......... .......... 75% 37.3M 0s
 13350K .......... .......... .......... .......... .......... 75% 38.7M 0s
 13400K .......... .......... .......... .......... .......... 75% 42.2M 0s
 13450K .......... .......... .......... .......... .......... 76% 35.5M 0s
 13500K .......... .......... .......... .......... .......... 76% 39.0M 0s
 13550K .......... .......... .......... .......... .......... 76%  268M 0s
 13600K .......... .......... .......... .......... .......... 77% 45.4M 0s
 13650K .......... .......... .......... .......... .......... 77% 41.0M 0s
 13700K .......... .......... .......... .......... .......... 77% 19.5M 0s
 13750K .......... .......... .......... .......... .......... 77%  276M 0s
 13800K .......... .......... .......... .......... .......... 78%  230M 0s
 13850K .......... .......... .......... .......... .......... 78% 88.1M 0s
 13900K .......... .......... .......... .......... .......... 78% 40.3M 0s
 13950K .......... .......... .......... .......... .......... 78% 47.9M 0s
 14000K .......... .......... .......... .......... .......... 79% 57.1M 0s
 14050K .......... .......... .......... .......... .......... 79%  145M 0s
 14100K .......... .......... .......... .......... .......... 79% 17.8M 0s
 14150K .......... .......... .......... .......... .......... 80%  293M 0s
 14200K .......... .......... .......... .......... .......... 80%  178M 0s
 14250K .......... .......... .......... .......... .......... 80% 41.9M 0s
 14300K .......... .......... .......... .......... .......... 80%  294M 0s
 14350K .......... .......... .......... .......... .......... 81% 54.7M 0s
 14400K .......... .......... .......... .......... .......... 81% 44.1M 0s
 14450K .......... .......... .......... .......... .......... 81% 54.5M 0s
 14500K .......... .......... .......... .......... .......... 82%  303M 0s
 14550K .......... .......... .......... .......... .......... 82% 27.2M 0s
 14600K .......... .......... .......... .......... .......... 82%  244M 0s
 14650K .......... .......... .......... .......... .......... 82% 44.4M 0s
 14700K .......... .......... .......... .......... .......... 83% 60.3M 0s
 14750K .......... .......... .......... .......... .......... 83% 74.1M 0s
 14800K .......... .......... .......... .......... .......... 83%  119M 0s
 14850K .......... .......... .......... .......... .......... 84% 45.0M 0s
 14900K .......... .......... .......... .......... .......... 84% 62.3M 0s
 14950K .......... .......... .......... .......... .......... 84% 52.7M 0s
 15000K .......... .......... .......... .......... .......... 84% 51.5M 0s
 15050K .......... .......... .......... .......... .......... 85%  303M 0s
 15100K .......... .......... .......... .......... .......... 85% 36.2M 0s
 15150K .......... .......... .......... .......... .......... 85% 28.1M 0s
 15200K .......... .......... .......... .......... .......... 86% 27.9M 0s
 15250K .......... .......... .......... .......... .......... 86% 27.3M 0s
 15300K .......... .......... .......... .......... .......... 86%  315M 0s
 15350K .......... .......... .......... .......... .......... 86% 28.3M 0s
 15400K .......... .......... .......... .......... .......... 87% 30.2M 0s
 15450K .......... .......... .......... .......... .......... 87% 24.9M 0s
 15500K .......... .......... .......... .......... .......... 87%  303M 0s
 15550K .......... .......... .......... .......... .......... 88% 35.4M 0s
 15600K .......... .......... .......... .......... .......... 88% 34.4M 0s
 15650K .......... .......... .......... .......... .......... 88% 32.4M 0s
 15700K .......... .......... .......... .......... .......... 88% 30.7M 0s
 15750K .......... .......... .......... .......... .......... 89%  288M 0s
 15800K .......... .......... .......... .......... .......... 89% 33.6M 0s
 15850K .......... .......... .......... .......... .......... 89% 40.8M 0s
 15900K .......... .......... .......... .......... .......... 90% 28.0M 0s
 15950K .......... .......... .......... .......... .......... 90% 37.8M 0s
 16000K .......... .......... .......... .......... .......... 90%  287M 0s
 16050K .......... .......... .......... .......... .......... 90% 39.1M 0s
 16100K .......... .......... .......... .......... .......... 91% 37.7M 0s
 16150K .......... .......... .......... .......... .......... 91% 34.6M 0s
 16200K .......... .......... .......... .......... .......... 91% 46.9M 0s
 16250K .......... .......... .......... .......... .......... 91% 37.1M 0s
 16300K .......... .......... .......... .......... .......... 92%  132M 0s
 16350K .......... .......... .......... .......... .......... 92% 37.7M 0s
 16400K .......... .......... .......... .......... .......... 92% 34.2M 0s
 16450K .......... .......... .......... .......... .......... 93% 37.5M 0s
 16500K .......... .......... .......... .......... .......... 93%  286M 0s
 16550K .......... .......... .......... .......... .......... 93% 39.2M 0s
 16600K .......... .......... .......... .......... .......... 93% 43.3M 0s
 16650K .......... .......... .......... .......... .......... 94% 42.7M 0s
 16700K .......... .......... .......... .......... .......... 94% 23.6M 0s
 16750K .......... .......... .......... .......... .......... 94%  143M 0s
 16800K .......... .......... .......... .......... .......... 95%  101M 0s
 16850K .......... .......... .......... .......... .......... 95% 85.1M 0s
 16900K .......... .......... .......... .......... .......... 95% 40.5M 0s
 16950K .......... .......... .......... .......... .......... 95% 44.6M 0s
 17000K .......... .......... .......... .......... .......... 96% 57.3M 0s
 17050K .......... .......... .......... .......... .......... 96%  141M 0s
 17100K .......... .......... .......... .......... .......... 96% 20.6M 0s
 17150K .......... .......... .......... .......... .......... 97% 60.6M 0s
 17200K .......... .......... .......... .......... .......... 97%  325M 0s
 17250K .......... .......... .......... .......... .......... 97%  300M 0s
 17300K .......... .......... .......... .......... .......... 97% 51.7M 0s
 17350K .......... .......... .......... .......... .......... 98% 51.5M 0s
 17400K .......... .......... .......... .......... .......... 98% 44.9M 0s
 17450K .......... .......... .......... .......... .......... 98% 53.8M 0s
 17500K .......... .......... .......... .......... .......... 99%  316M 0s
 17550K .......... .......... .......... .......... .......... 99% 32.8M 0s
 17600K .......... .......... .......... .......... .......... 99%  101M 0s
 17650K .......... .......... .......... .......... .......... 99% 44.4M 0s
 17700K .......... .......... .                               100%  447M=0.8s

2023-04-24 07:18:48 (22.3 MB/s) - ‘nice-dcv-2022.1-13300-el7-x86_64.tgz’ saved [18147234/18147234]

+ tar -xvzf nice-dcv-2022.1-13300-el7-x86_64.tgz
nice-dcv-2022.1-13300-el7-x86_64/
nice-dcv-2022.1-13300-el7-x86_64/README.md
nice-dcv-2022.1-13300-el7-x86_64/nice-dcv-gl-2022.1.973-1.el7.i686.rpm
nice-dcv-2022.1-13300-el7-x86_64/nice-dcv-gl-2022.1.973-1.el7.x86_64.rpm
nice-dcv-2022.1-13300-el7-x86_64/nice-dcv-gltest-2022.1.295-1.el7.x86_64.rpm
nice-dcv-2022.1-13300-el7-x86_64/nice-dcv-server-2022.1.13300-1.el7.x86_64.rpm
nice-dcv-2022.1-13300-el7-x86_64/nice-dcv-simple-external-authenticator-2022.1.193-1.el7.x86_64.rpm
nice-dcv-2022.1-13300-el7-x86_64/nice-dcv-web-viewer-2022.1.13300-1.el7.x86_64.rpm
nice-dcv-2022.1-13300-el7-x86_64/nice-xdcv-2022.1.433-1.el7.x86_64.rpm
+ cd nice-dcv-2022.1-13300-el7-x86_64 nice-dcv-2022.1-13300-el7-x86_64.tgz
/var/lib/cloud/instance/scripts/part-001: line 68: cd: too many arguments
+ yum -y install 'nice-dcv-server*.rpm' 'nice-dcv-web-viewer*.rpm' 'nice-xdcv*.rpm'
Last metadata expiration check: 0:00:03 ago on Mon Apr 24 07:18:45 2023.
Can not load RPM file: nice-dcv-server*.rpm.
Can not load RPM file: nice-dcv-web-viewer*.rpm.
Can not load RPM file: nice-xdcv*.rpm.
Could not open: nice-dcv-server*.rpm nice-dcv-web-viewer*.rpm nice-xdcv*.rpm
+ sed -i -e s/#enable-quic-frontend=true/enable-quic-frontend=true/ /etc/dcv/dcv.conf
sed: can't read /etc/dcv/dcv.conf: No such file or directory
+ popd
/
+ add_user
+ user_name=simuser
+ user_pass=
+ groupadd simuser
+ useradd -u 1501 -m -g simuser simuser
+ echo simuser:
+ chpasswd
+ echo 'Created user simuser'
Created user simuser
+ cr_post_reboot
+ [[ ! -d /opt/dcv-install ]]
+ mkdir /opt/dcv-install
+ cat
+ chmod 744 /opt/dcv-install/post_reboot.sh
+ cr_service
+ cat
+ chmod 664 /etc/systemd/system/post-reboot.service
+ systemctl daemon-reload
+ systemctl enable post-reboot.service
Created symlink /etc/systemd/system/multi-user.target.wants/post-reboot.service → /etc/systemd/system/post-reboot.service.
+ systemctl enable dcvserver
Failed to enable unit: Unit file dcvserver.service does not exist.
+ echo false
+ stop_disable_svc firewalld
+ systemctl stop firewalld
Failed to stop firewalld.service: Unit firewalld.service not loaded.
+ systemctl disable firewalld
Failed to disable unit: Unit file firewalld.service does not exist.
+ stop_disable_svc libvirtd
+ systemctl stop libvirtd
Failed to stop libvirtd.service: Unit libvirtd.service not loaded.
+ systemctl disable libvirtd
Failed to disable unit: Unit file libvirtd.service does not exist.
++ /bin/date
+ echo '*** END LOGIN SERVER BOOTSTRAP - Mon Apr 24 07:18:50 UTC 2023 ***'
*** END LOGIN SERVER BOOTSTRAP - Mon Apr 24 07:18:50 UTC 2023 ***
+ echo Rebooting
Rebooting
+ reboot
